2023-11-14 23:38:37,274 [Worker-3: Loading available Gradle versions] INFO  o.e.b.c.i.u.g.PublishedGradleVersions - Gradle version information cache is up-to-date. Trying to read.
2023-11-14 23:40:32,590 [Worker-2: Update Maven projects configuration] INFO  o.e.m.c.i.p.ProjectConfigurationManager - Update started
2023-11-14 23:40:33,155 [Worker-2: Update Maven projects configuration] INFO  o.e.m.c.i.l.LifecycleMappingFactory - Using org.maven.ide.eclipse.wtp.WarLifecycleMapping lifecycle mapping for MavenProject: furore.github.io:hapi-fhirstarters-simple-server:5.0.0 @ /home/juanello/Apps/Workspace-Fotos/hapi-fhirstarters-simple-server/pom.xml.
2023-11-14 23:40:34,193 [Worker-2: Update Maven projects configuration] INFO  o.e.m.j.i.AbstractJavaProjectConfigurator - Adding source folder /hapi-fhirstarters-simple-server/src/main/java
2023-11-14 23:40:34,194 [Worker-2: Update Maven projects configuration] INFO  o.e.m.j.i.AbstractJavaProjectConfigurator - Adding resource folder /hapi-fhirstarters-simple-server/src/main/resources
2023-11-14 23:40:34,195 [Worker-2: Update Maven projects configuration] INFO  o.e.m.j.i.AbstractJavaProjectConfigurator - Adding source folder /hapi-fhirstarters-simple-server/src/test/java
2023-11-14 23:40:36,664 [Worker-2: Update Maven projects configuration] INFO  o.e.m.c.i.p.ProjectConfigurationManager - Update completed: 4 sec
2023-11-14 23:40:36,918 [Worker-11: Building] WARN  o.e.m.c.i.embedder.EclipseLogger - Using platform encoding (UTF-8 actually) to copy filtered resources, i.e. build is platform dependent!
2023-11-14 23:40:36,921 [Worker-11: Building] INFO  o.e.m.c.i.embedder.EclipseLogger - Copying 1 resource
2023-11-14 23:40:36,940 [Worker-11: Building] WARN  o.e.m.c.i.embedder.EclipseLogger - Using platform encoding (UTF-8 actually) to copy filtered resources, i.e. build is platform dependent!
2023-11-14 23:40:36,941 [Worker-11: Building] INFO  o.e.m.c.i.embedder.EclipseLogger - skip non existing resourceDirectory /home/juanello/Apps/Workspace-Fotos/hapi-fhirstarters-simple-server/src/test/resources
2023-11-14 23:52:36,265 [Worker-19: Launching Executing clean in _home_juanello_Apps_Workspace-Fotos_hapi-fhirstarters-simple-server] INFO  o.e.m.i.launch.MavenLaunchDelegate - /home/juanello/Apps/Workspace-Fotos/hapi-fhirstarters-simple-server
2023-11-14 23:52:36,268 [Worker-19: Launching Executing clean in _home_juanello_Apps_Workspace-Fotos_hapi-fhirstarters-simple-server] INFO  o.e.m.i.launch.MavenLaunchDelegate -  mvn -B -Dstyle.color=always clean
2023-11-14 23:52:37,859 [Worker-19: Building] WARN  o.e.m.c.i.embedder.EclipseLogger - Using platform encoding (UTF-8 actually) to copy filtered resources, i.e. build is platform dependent!
2023-11-14 23:52:37,867 [Worker-19: Building] INFO  o.e.m.c.i.embedder.EclipseLogger - Copying 1 resource
2023-11-14 23:52:37,870 [Worker-19: Building] WARN  o.e.m.c.i.embedder.EclipseLogger - Using platform encoding (UTF-8 actually) to copy filtered resources, i.e. build is platform dependent!
2023-11-14 23:52:37,871 [Worker-19: Building] INFO  o.e.m.c.i.embedder.EclipseLogger - skip non existing resourceDirectory /home/juanello/Apps/Workspace-Fotos/hapi-fhirstarters-simple-server/src/test/resources
2023-11-14 23:52:37,871 [Worker-19: Building] INFO  o.e.m.w.i.f.ResourceFilteringBuildParticipant - Changed resources require a complete clean of filtered resources of hapi-fhirstarters-simple-server
2023-11-14 23:52:37,872 [Worker-19: Building] INFO  o.e.m.w.i.f.ResourceFilteringBuildParticipant - Executing resource filtering for hapi-fhirstarters-simple-server
2023-11-14 23:52:37,877 [Worker-19: Building] WARN  o.e.m.c.i.embedder.EclipseLogger - Using platform encoding (UTF-8 actually) to copy filtered resources, i.e. build is platform dependent!
2023-11-14 23:54:45,042 [Worker-18: Cleaning all projects] INFO  o.e.m.w.i.f.ResourceFilteringBuildParticipant - Cleaning filtered folder for hapi-fhirstarters-simple-server
2023-11-14 23:54:45,415 [Worker-18: Building] WARN  o.e.m.c.i.embedder.EclipseLogger - Using platform encoding (UTF-8 actually) to copy filtered resources, i.e. build is platform dependent!
2023-11-14 23:54:45,416 [Worker-18: Building] INFO  o.e.m.c.i.embedder.EclipseLogger - Copying 1 resource
2023-11-14 23:54:45,417 [Worker-18: Building] WARN  o.e.m.c.i.embedder.EclipseLogger - Using platform encoding (UTF-8 actually) to copy filtered resources, i.e. build is platform dependent!
2023-11-14 23:54:45,418 [Worker-18: Building] INFO  o.e.m.c.i.embedder.EclipseLogger - skip non existing resourceDirectory /home/juanello/Apps/Workspace-Fotos/hapi-fhirstarters-simple-server/src/test/resources
2023-11-14 23:54:45,418 [Worker-18: Building] INFO  o.e.m.w.i.f.ResourceFilteringBuildParticipant - Changed resources require a complete clean of filtered resources of hapi-fhirstarters-simple-server
2023-11-14 23:54:45,418 [Worker-18: Building] INFO  o.e.m.w.i.f.ResourceFilteringBuildParticipant - Executing resource filtering for hapi-fhirstarters-simple-server
2023-11-14 23:54:45,420 [Worker-18: Building] WARN  o.e.m.c.i.embedder.EclipseLogger - Using platform encoding (UTF-8 actually) to copy filtered resources, i.e. build is platform dependent!
2023-11-14 23:57:50,141 [Worker-21: Updating Maven Project] INFO  o.e.m.c.i.p.ProjectConfigurationManager - Update started
2023-11-14 23:57:50,393 [Worker-21: Updating Maven Project] INFO  o.e.m.c.i.l.LifecycleMappingFactory - Using org.maven.ide.eclipse.wtp.WarLifecycleMapping lifecycle mapping for MavenProject: furore.github.io:hapi-fhirstarters-simple-server:5.0.0 @ /home/juanello/Apps/Workspace-Fotos/hapi-fhirstarters-simple-server/pom.xml.
2023-11-14 23:57:50,848 [Worker-21: Updating Maven Project] INFO  o.e.m.j.i.AbstractJavaProjectConfigurator - Adding source folder /hapi-fhirstarters-simple-server/src/main/java
2023-11-14 23:57:50,848 [Worker-21: Updating Maven Project] INFO  o.e.m.j.i.AbstractJavaProjectConfigurator - Adding resource folder /hapi-fhirstarters-simple-server/src/main/resources
2023-11-14 23:57:50,849 [Worker-21: Updating Maven Project] INFO  o.e.m.j.i.AbstractJavaProjectConfigurator - Adding source folder /hapi-fhirstarters-simple-server/src/test/java
2023-11-14 23:57:51,094 [Worker-21: Updating Maven Project] INFO  o.e.m.w.i.f.ResourceFilteringBuildParticipant - Cleaning filtered folder for hapi-fhirstarters-simple-server
2023-11-14 23:57:51,096 [Worker-21: Updating Maven Project] INFO  o.e.m.c.i.p.ProjectConfigurationManager - Update completed: 0 sec
2023-11-14 23:57:51,325 [Worker-21: Building] WARN  o.e.m.c.i.embedder.EclipseLogger - Using platform encoding (UTF-8 actually) to copy filtered resources, i.e. build is platform dependent!
2023-11-14 23:57:51,327 [Worker-21: Building] INFO  o.e.m.c.i.embedder.EclipseLogger - Copying 1 resource
2023-11-14 23:57:51,337 [Worker-21: Building] WARN  o.e.m.c.i.embedder.EclipseLogger - Using platform encoding (UTF-8 actually) to copy filtered resources, i.e. build is platform dependent!
2023-11-14 23:57:51,337 [Worker-21: Building] INFO  o.e.m.c.i.embedder.EclipseLogger - skip non existing resourceDirectory /home/juanello/Apps/Workspace-Fotos/hapi-fhirstarters-simple-server/src/test/resources
2023-11-14 23:57:51,338 [Worker-21: Building] INFO  o.e.m.w.i.f.ResourceFilteringBuildParticipant - Changed resources require a complete clean of filtered resources of hapi-fhirstarters-simple-server
2023-11-14 23:57:51,338 [Worker-21: Building] INFO  o.e.m.w.i.f.ResourceFilteringBuildParticipant - Executing resource filtering for hapi-fhirstarters-simple-server
2023-11-14 23:57:51,350 [Worker-21: Building] WARN  o.e.m.c.i.embedder.EclipseLogger - Using platform encoding (UTF-8 actually) to copy filtered resources, i.e. build is platform dependent!
2023-11-15 00:00:35,344 [Worker-25: Launching Executing install in _home_juanello_Apps_Workspace-Fotos_hapi-fhirstarters-simple-server] INFO  o.e.m.i.launch.MavenLaunchDelegate - /home/juanello/Apps/Workspace-Fotos/hapi-fhirstarters-simple-server
2023-11-15 00:00:35,344 [Worker-25: Launching Executing install in _home_juanello_Apps_Workspace-Fotos_hapi-fhirstarters-simple-server] INFO  o.e.m.i.launch.MavenLaunchDelegate -  mvn -B -Dstyle.color=always install
2023-11-15 00:00:41,580 [Worker-25: Building] WARN  o.e.m.c.i.embedder.EclipseLogger - Using platform encoding (UTF-8 actually) to copy filtered resources, i.e. build is platform dependent!
2023-11-15 00:00:41,581 [Worker-25: Building] INFO  o.e.m.c.i.embedder.EclipseLogger - Copying 1 resource
2023-11-15 00:00:41,583 [Worker-25: Building] WARN  o.e.m.c.i.embedder.EclipseLogger - Using platform encoding (UTF-8 actually) to copy filtered resources, i.e. build is platform dependent!
2023-11-15 00:00:41,583 [Worker-25: Building] INFO  o.e.m.c.i.embedder.EclipseLogger - skip non existing resourceDirectory /home/juanello/Apps/Workspace-Fotos/hapi-fhirstarters-simple-server/src/test/resources
2023-11-15 00:10:35,034 [main] INFO  o.e.m2e.actions.ExecutePomAction - Creating new launch configuration
2023-11-15 00:11:36,057 [Worker-30: Launching hapi-fhirstarters-simple-server] INFO  o.e.m.i.launch.MavenLaunchDelegate - /home/juanello/Apps/Workspace-Fotos/hapi-fhirstarters-simple-server
2023-11-15 00:11:36,057 [Worker-30: Launching hapi-fhirstarters-simple-server] INFO  o.e.m.i.launch.MavenLaunchDelegate -  mvn -B -Dstyle.color=always jetty:run
2023-11-15 00:11:36,381 [Worker-31: Building] INFO  o.e.m.c.i.l.LifecycleMappingFactory - Using org.maven.ide.eclipse.wtp.WarLifecycleMapping lifecycle mapping for MavenProject: furore.github.io:hapi-fhirstarters-simple-server:5.0.0 @ /home/juanello/Apps/Workspace-Fotos/hapi-fhirstarters-simple-server/pom.xml.
2023-11-15 00:11:37,294 [Worker-31: Building] WARN  o.e.m.c.i.embedder.EclipseLogger - Using platform encoding (UTF-8 actually) to copy filtered resources, i.e. build is platform dependent!
2023-11-15 00:11:37,303 [Worker-31: Building] INFO  o.e.m.c.i.embedder.EclipseLogger - Copying 0 resource
2023-11-15 00:11:37,317 [Worker-31: Building] WARN  o.e.m.c.i.embedder.EclipseLogger - Using platform encoding (UTF-8 actually) to copy filtered resources, i.e. build is platform dependent!
2023-11-15 00:11:37,317 [Worker-31: Building] INFO  o.e.m.c.i.embedder.EclipseLogger - skip non existing resourceDirectory /home/juanello/Apps/Workspace-Fotos/hapi-fhirstarters-simple-server/src/test/resources
2023-11-15 00:11:37,323 [Worker-31: Building] INFO  o.e.m.w.i.f.ResourceFilteringBuildParticipant - Changed resources require a complete clean of filtered resources of hapi-fhirstarters-simple-server
2023-11-15 00:11:37,323 [Worker-31: Building] INFO  o.e.m.w.i.f.ResourceFilteringBuildParticipant - Executing resource filtering for hapi-fhirstarters-simple-server
2023-11-15 00:11:37,327 [Worker-31: Building] WARN  o.e.m.c.i.embedder.EclipseLogger - Using platform encoding (UTF-8 actually) to copy filtered resources, i.e. build is platform dependent!
2023-11-15 00:11:39,111 [Worker-32: Building] WARN  o.e.m.c.i.embedder.EclipseLogger - Using platform encoding (UTF-8 actually) to copy filtered resources, i.e. build is platform dependent!
2023-11-15 00:11:39,112 [Worker-32: Building] INFO  o.e.m.c.i.embedder.EclipseLogger - Copying 1 resource
2023-11-15 00:11:39,133 [Worker-32: Building] WARN  o.e.m.c.i.embedder.EclipseLogger - Using platform encoding (UTF-8 actually) to copy filtered resources, i.e. build is platform dependent!
2023-11-15 00:11:39,133 [Worker-32: Building] INFO  o.e.m.c.i.embedder.EclipseLogger - skip non existing resourceDirectory /home/juanello/Apps/Workspace-Fotos/hapi-fhirstarters-simple-server/src/test/resources
2023-11-15 00:13:42,683 [Worker-29: Building] INFO  o.e.m.c.i.l.LifecycleMappingFactory - Using org.maven.ide.eclipse.wtp.WarLifecycleMapping lifecycle mapping for MavenProject: furore.github.io:hapi-fhirstarters-simple-server:5.0.0 @ /home/juanello/Apps/Workspace-Fotos/hapi-fhirstarters-simple-server/pom.xml.
2023-11-15 00:13:43,075 [Worker-29: Building] WARN  o.e.m.c.i.embedder.EclipseLogger - Using platform encoding (UTF-8 actually) to copy filtered resources, i.e. build is platform dependent!
2023-11-15 00:13:43,076 [Worker-29: Building] INFO  o.e.m.c.i.embedder.EclipseLogger - Copying 0 resource
2023-11-15 00:13:43,078 [Worker-29: Building] WARN  o.e.m.c.i.embedder.EclipseLogger - Using platform encoding (UTF-8 actually) to copy filtered resources, i.e. build is platform dependent!
2023-11-15 00:13:43,079 [Worker-29: Building] INFO  o.e.m.c.i.embedder.EclipseLogger - skip non existing resourceDirectory /home/juanello/Apps/Workspace-Fotos/hapi-fhirstarters-simple-server/src/test/resources
2023-11-15 00:13:43,079 [Worker-29: Building] INFO  o.e.m.w.i.f.ResourceFilteringBuildParticipant - Changed resources require a complete clean of filtered resources of hapi-fhirstarters-simple-server
2023-11-15 00:13:43,079 [Worker-29: Building] INFO  o.e.m.w.i.f.ResourceFilteringBuildParticipant - Executing resource filtering for hapi-fhirstarters-simple-server
2023-11-15 00:13:43,083 [Worker-29: Building] WARN  o.e.m.c.i.embedder.EclipseLogger - Using platform encoding (UTF-8 actually) to copy filtered resources, i.e. build is platform dependent!
2023-11-15 00:13:46,608 [Worker-33: Launching Executing clean in _home_juanello_Apps_Workspace-Fotos_hapi-fhirstarters-simple-server] INFO  o.e.m.i.launch.MavenLaunchDelegate - /home/juanello/Apps/Workspace-Fotos/hapi-fhirstarters-simple-server
2023-11-15 00:13:46,608 [Worker-33: Launching Executing clean in _home_juanello_Apps_Workspace-Fotos_hapi-fhirstarters-simple-server] INFO  o.e.m.i.launch.MavenLaunchDelegate -  mvn -B -Dstyle.color=always clean
2023-11-15 00:13:48,260 [Worker-29: Building] WARN  o.e.m.c.i.embedder.EclipseLogger - Using platform encoding (UTF-8 actually) to copy filtered resources, i.e. build is platform dependent!
2023-11-15 00:13:48,261 [Worker-29: Building] INFO  o.e.m.c.i.embedder.EclipseLogger - Copying 1 resource
2023-11-15 00:13:48,276 [Worker-29: Building] WARN  o.e.m.c.i.embedder.EclipseLogger - Using platform encoding (UTF-8 actually) to copy filtered resources, i.e. build is platform dependent!
2023-11-15 00:13:48,276 [Worker-29: Building] INFO  o.e.m.c.i.embedder.EclipseLogger - skip non existing resourceDirectory /home/juanello/Apps/Workspace-Fotos/hapi-fhirstarters-simple-server/src/test/resources
2023-11-15 00:13:48,277 [Worker-29: Building] INFO  o.e.m.w.i.f.ResourceFilteringBuildParticipant - Changed resources require a complete clean of filtered resources of hapi-fhirstarters-simple-server
2023-11-15 00:13:48,277 [Worker-29: Building] INFO  o.e.m.w.i.f.ResourceFilteringBuildParticipant - Executing resource filtering for hapi-fhirstarters-simple-server
2023-11-15 00:13:48,287 [Worker-29: Building] WARN  o.e.m.c.i.embedder.EclipseLogger - Using platform encoding (UTF-8 actually) to copy filtered resources, i.e. build is platform dependent!
2023-11-15 00:13:52,772 [Worker-33: Launching Executing install in _home_juanello_Apps_Workspace-Fotos_hapi-fhirstarters-simple-server] INFO  o.e.m.i.launch.MavenLaunchDelegate - /home/juanello/Apps/Workspace-Fotos/hapi-fhirstarters-simple-server
2023-11-15 00:13:52,772 [Worker-33: Launching Executing install in _home_juanello_Apps_Workspace-Fotos_hapi-fhirstarters-simple-server] INFO  o.e.m.i.launch.MavenLaunchDelegate -  mvn -B -Dstyle.color=always install
2023-11-15 00:13:57,027 [Worker-33: Building] WARN  o.e.m.c.i.embedder.EclipseLogger - Using platform encoding (UTF-8 actually) to copy filtered resources, i.e. build is platform dependent!
2023-11-15 00:13:57,028 [Worker-33: Building] INFO  o.e.m.c.i.embedder.EclipseLogger - Copying 1 resource
2023-11-15 00:13:57,029 [Worker-33: Building] WARN  o.e.m.c.i.embedder.EclipseLogger - Using platform encoding (UTF-8 actually) to copy filtered resources, i.e. build is platform dependent!
2023-11-15 00:13:57,030 [Worker-33: Building] INFO  o.e.m.c.i.embedder.EclipseLogger - skip non existing resourceDirectory /home/juanello/Apps/Workspace-Fotos/hapi-fhirstarters-simple-server/src/test/resources
2023-11-15 00:14:03,054 [main] INFO  o.e.m2e.actions.ExecutePomAction - Using existing launch configuration
2023-11-15 00:14:03,131 [Worker-26: Launching hapi-fhirstarters-simple-server] INFO  o.e.m.i.launch.MavenLaunchDelegate - /home/juanello/Apps/Workspace-Fotos/hapi-fhirstarters-simple-server
2023-11-15 00:14:03,131 [Worker-26: Launching hapi-fhirstarters-simple-server] INFO  o.e.m.i.launch.MavenLaunchDelegate -  mvn -B -Dstyle.color=always jetty:run
2023-11-15 00:14:38,670 [main] INFO  o.e.m2e.actions.ExecutePomAction - Using existing launch configuration
2023-11-15 00:14:38,735 [Worker-30: Launching hapi-fhirstarters-simple-server] INFO  o.e.m.i.launch.MavenLaunchDelegate - /home/juanello/Apps/Workspace-Fotos/hapi-fhirstarters-simple-server
2023-11-15 00:14:38,735 [Worker-30: Launching hapi-fhirstarters-simple-server] INFO  o.e.m.i.launch.MavenLaunchDelegate -  mvn -B -Dstyle.color=always jetty:run
2023-12-07 22:19:21,565 [Worker-3: Loading available Gradle versions] INFO  o.e.b.c.i.u.g.PublishedGradleVersions - Gradle version information cache is out-of-date. Trying to update.
2023-12-07 22:19:26,357 [Worker-3: Building] WARN  o.e.m.c.i.embedder.EclipseLogger - Using platform encoding (UTF-8 actually) to copy filtered resources, i.e. build is platform dependent!
2023-12-07 22:19:26,360 [Worker-3: Building] INFO  o.e.m.c.i.embedder.EclipseLogger - Copying 1 resource
2023-12-07 22:19:26,373 [Worker-3: Building] WARN  o.e.m.c.i.embedder.EclipseLogger - Using platform encoding (UTF-8 actually) to copy filtered resources, i.e. build is platform dependent!
2023-12-07 22:19:26,373 [Worker-3: Building] INFO  o.e.m.c.i.embedder.EclipseLogger - skip non existing resourceDirectory /home/juanello/Apps/Workspace-Fotos/hapi-fhirstarters-simple-server/src/test/resources
2023-12-07 22:19:50,442 [main] INFO  o.e.m2e.actions.ExecutePomAction - Using existing launch configuration
2023-12-07 22:19:51,582 [Worker-1: Launching hapi-fhirstarters-simple-server] INFO  o.e.m.i.launch.MavenLaunchDelegate - /home/juanello/Apps/Workspace-Fotos/hapi-fhirstarters-simple-server
2023-12-07 22:19:51,584 [Worker-1: Launching hapi-fhirstarters-simple-server] INFO  o.e.m.i.launch.MavenLaunchDelegate -  mvn -B -Dstyle.color=always jetty:run
2023-12-10 22:45:23,093 [Worker-0: Loading available Gradle versions] INFO  o.e.b.c.i.u.g.PublishedGradleVersions - Gradle version information cache is out-of-date. Trying to update.
2023-12-10 22:45:36,708 [main] INFO  o.e.m2e.actions.ExecutePomAction - Using existing launch configuration
2023-12-10 22:45:37,893 [Worker-11: Launching hapi-fhirstarters-simple-server] INFO  o.e.m.i.launch.MavenLaunchDelegate - /home/juanello/Apps/Workspace-Fotos/hapi-fhirstarters-simple-server
2023-12-10 22:45:37,896 [Worker-11: Launching hapi-fhirstarters-simple-server] INFO  o.e.m.i.launch.MavenLaunchDelegate -  mvn -B -Dstyle.color=always jetty:run
2023-12-10 22:49:44,642 [Worker-1: Loading available Gradle versions] INFO  o.e.b.c.i.u.g.PublishedGradleVersions - Gradle version information cache is up-to-date. Trying to read.
2023-12-10 22:49:54,597 [main] INFO  o.e.m2e.actions.ExecutePomAction - Using existing launch configuration
2023-12-10 22:49:55,004 [Worker-7: Launching hapi-fhirstarters-simple-server] INFO  o.e.m.i.launch.MavenLaunchDelegate - /home/juanello/Apps/Workspace-Fotos/hapi-fhirstarters-simple-server
2023-12-10 22:49:55,006 [Worker-7: Launching hapi-fhirstarters-simple-server] INFO  o.e.m.i.launch.MavenLaunchDelegate -  mvn -B -Dstyle.color=always jetty:run
2023-12-10 22:52:07,751 [Worker-14: Update Maven projects configuration] INFO  o.e.m.c.i.p.ProjectConfigurationManager - Update started
2023-12-10 22:52:08,337 [Worker-14: Update Maven projects configuration] INFO  o.e.m.c.i.l.LifecycleMappingFactory - Using org.eclipse.m2e.jdt.JarLifecycleMapping lifecycle mapping for MavenProject: furore.github.io:hapi-fhirstarters-client-skeleton:5.0.0 @ /home/juanello/Apps/Workspace-Fotos/hapi-fhirstarters-client-skeleton/pom.xml.
2023-12-10 22:52:08,952 [Worker-14: Update Maven projects configuration] INFO  o.e.m.j.i.AbstractJavaProjectConfigurator - Adding source folder /hapi-fhirstarters-client-skeleton/src/main/java
2023-12-10 22:52:08,952 [Worker-14: Update Maven projects configuration] INFO  o.e.m.j.i.AbstractJavaProjectConfigurator - Adding resource folder /hapi-fhirstarters-client-skeleton/src/main/resources
2023-12-10 22:52:08,954 [Worker-14: Update Maven projects configuration] INFO  o.e.m.j.i.AbstractJavaProjectConfigurator - Adding source folder /hapi-fhirstarters-client-skeleton/src/test/java
2023-12-10 22:52:08,954 [Worker-14: Update Maven projects configuration] INFO  o.e.m.j.i.AbstractJavaProjectConfigurator - Adding resource folder /hapi-fhirstarters-client-skeleton/src/test/resources
2023-12-10 22:52:09,071 [Worker-14: Update Maven projects configuration] INFO  o.e.m.c.i.p.ProjectConfigurationManager - Update completed: 1 sec
2023-12-10 22:52:09,362 [Worker-13: Building] WARN  o.e.m.c.i.embedder.EclipseLogger - Using platform encoding (UTF-8 actually) to copy filtered resources, i.e. build is platform dependent!
2023-12-10 22:52:09,364 [Worker-13: Building] INFO  o.e.m.c.i.embedder.EclipseLogger - Copying 1 resource
2023-12-10 22:52:09,370 [Worker-13: Building] WARN  o.e.m.c.i.embedder.EclipseLogger - Using platform encoding (UTF-8 actually) to copy filtered resources, i.e. build is platform dependent!
2023-12-10 22:52:09,370 [Worker-13: Building] INFO  o.e.m.c.i.embedder.EclipseLogger - Copying 1 resource
2023-12-10 22:52:09,951 [Worker-15: Building] WARN  o.e.m.c.i.embedder.EclipseLogger - Using platform encoding (UTF-8 actually) to copy filtered resources, i.e. build is platform dependent!
2023-12-10 22:52:09,952 [Worker-15: Building] INFO  o.e.m.c.i.embedder.EclipseLogger - Copying 1 resource
2023-12-10 22:52:09,954 [Worker-15: Building] WARN  o.e.m.c.i.embedder.EclipseLogger - Using platform encoding (UTF-8 actually) to copy filtered resources, i.e. build is platform dependent!
2023-12-10 22:52:09,955 [Worker-15: Building] INFO  o.e.m.c.i.embedder.EclipseLogger - skip non existing resourceDirectory /home/juanello/Apps/Workspace-Fotos/hapi-fhirstarters-simple-server/src/test/resources
2023-12-10 22:52:11,336 [Worker-15: Building] WARN  o.e.m.c.i.embedder.EclipseLogger - Using platform encoding (UTF-8 actually) to copy filtered resources, i.e. build is platform dependent!
2023-12-10 22:52:11,338 [Worker-15: Building] INFO  o.e.m.c.i.embedder.EclipseLogger - Copying 0 resource
2023-12-10 22:52:11,340 [Worker-15: Building] WARN  o.e.m.c.i.embedder.EclipseLogger - Using platform encoding (UTF-8 actually) to copy filtered resources, i.e. build is platform dependent!
2023-12-10 22:52:11,341 [Worker-15: Building] INFO  o.e.m.c.i.embedder.EclipseLogger - skip non existing resourceDirectory /home/juanello/Apps/Workspace-Fotos/hapi-fhirstarters-simple-server/src/test/resources
